<?xml version="1.0" encoding="UTF-8"?>
<testsuite name="LibraryTest" tests="1" skipped="0" failures="0" errors="0" timestamp="2021-02-25T07:02:22" hostname="DESKTOP-5NEGN2M" time="0.009">
  <properties/>
  <testcase name="testSomeLibraryMethod" classname="LibraryTest" time="0.009"/>
  <system-out><![CDATA[]]></system-out>
  <system-err><![CDATA[]]></system-err>
</testsuite>
